<?xml version="1.0" encoding="UTF-8"?>
<!-- Generated by org.testng.reporters.JUnitXMLReporter -->
<testsuite ignored="0" hostname="LAPTOP-GAUPM6CM" failures="0" tests="4" name="Default test" time="30.935" errors="0" timestamp="2024-01-03T10:08:13 IST">
  <testcase classname="testscripts.regression.ValidateLogin" name="validateLoginTest1" time="0.943"/>
  <testcase classname="testscripts.regression.ValidateLogin" name="validateLoginTest2" time="0.458"/>
  <testcase classname="testscripts.regression.ValidateLogin" name="validateLoginTest3" time="0.474"/>
  <testcase classname="testscripts.regression.ValidateLogin" name="validateLoginTest4" time="0.667"/>
</testsuite> <!-- Default test -->
