<?xml version="1.0" encoding="UTF-8"?>
<!-- Generated by org.testng.reporters.JUnitXMLReporter -->
<testsuite ignored="2" hostname="LAPTOP-GAUPM6CM" failures="0" tests="2" name="Test" time="88.079" errors="0" timestamp="2024-01-09T10:05:14 IST">
  <testcase classname="testscripts.regression.ValidateLoginUsingPOMHybrid" name="validateLoginTest1" time="31.393"/>
  <testcase classname="testscripts.regression.ValidateSearchUsingPOMHybrid" name="validateLoginTest1" time="34.045"/>
  <testcase classname="base.BaseTest" name="@BeforeTest beforeTest" time="0.0">
    <ignored/>
  </testcase> <!-- @BeforeTest beforeTest -->
  <testcase classname="base.BaseTest" name="@AfterTest closeReports" time="0.0">
    <ignored/>
  </testcase> <!-- @AfterTest closeReports -->
</testsuite> <!-- Test -->
