<?xml version="1.0" encoding="UTF-8"?>
<testsuite xmlns:xsi="http://www.w3.org/2001/XMLSchema-instance" xsi:noNamespaceSchemaLocation="https://maven.apache.org/surefire/maven-surefire-plugin/xsd/surefire-test-report-3.0.xsd" version="3.0" name="TestSuite" time="87.469" tests="2" errors="0" skipped="0" failures="0">
  <properties>
[...]
</properties>
  <testcase name="validateLoginTest1[{expectedTitle=Adactin.com - Search Hotel, password=reyaz123, username=reyaz0806}](1)" classname="testscripts.regression.ValidateLoginUsingPOMHybrid" time="31.107">
    <system-out><![CDATA[2024-01-12 09:41:32
2024-01-12 09-41-32
testCaseNameTC-101
allRows.size()6
TC-101---TC-101
TC-101---TC-101
TC-102---TC-101
TC-102---TC-101
TC-104---TC-101
TC-104---TC-101
testCaseRows.size(): 2
testCaseRows.get(0).getLastCellNum()4
testCaseRows.get(0).getLastCellNum()4
2024-01-12 09:42:12
2024-01-12 09-42-12
]]></system-out>
    <system-err><![CDATA[SLF4J: No SLF4J providers were found.
SLF4J: Defaulting to no-operation (NOP) logger implementation
SLF4J: See https://www.slf4j.org/codes.html#noProviders for further details.
ERROR StatusLogger Log4j2 could not find a logging implementation. Please add log4j-core to the classpath. Using SimpleLogger to log to the console...
Starting ChromeDriver 120.0.6099.109 (3419140ab665596f21b385ce136419fde0924272-refs/branch-heads/6099@{#1483}) on port 24561
Only local connections are allowed.
Please see https://chromedriver.chromium.org/security-considerations for suggestions on keeping ChromeDriver safe.
ChromeDriver was started successfully.
Jan 12, 2024 9:41:39 AM org.openqa.selenium.remote.ProtocolHandshake createSession
INFO: Detected dialect: W3C
]]></system-err>
  </testcase>
  <testcase name="validateLoginTest1[{expectedTitle=Adactin.com - Search Hotel, password=reyaz123, Check InDate=03/01/2024, username=reyaz0806, Location=Sydney}](1)" classname="testscripts.regression.ValidateSearchUsingPOMHybrid" time="34.808">
    <system-out><![CDATA[testCaseNameTC-104
allRows.size()6
TC-101---TC-104
TC-101---TC-104
TC-102---TC-104
TC-102---TC-104
TC-104---TC-104
TC-104---TC-104
testCaseRows.size(): 2
testCaseRows.get(0).getLastCellNum()6
testCaseRows.get(0).getLastCellNum()6
2024-01-12 09:42:55
2024-01-12 09-42-55
]]></system-out>
    <system-err><![CDATA[Starting ChromeDriver 120.0.6099.109 (3419140ab665596f21b385ce136419fde0924272-refs/branch-heads/6099@{#1483}) on port 6431
Only local connections are allowed.
Please see https://chromedriver.chromium.org/security-considerations for suggestions on keeping ChromeDriver safe.
ChromeDriver was started successfully.
Jan 12, 2024 9:42:17 AM org.openqa.selenium.remote.ProtocolHandshake createSession
INFO: Detected dialect: W3C
]]></system-err>
  </testcase>
</testsuite>